<?xml version="1.0" encoding="UTF-8"?>
<!-- Generated by org.testng.reporters.JUnitReportReporter -->
<testsuite skipped="0" hostname="DESKTOP-1U1LOV2" name="Mypack.IMPCode" tests="1" failures="0" timestamp="2021-07-17T10:07:43 IST" time="146.725" errors="0">
  <testcase name="findTheOccurenceOfElement" time="146.725" classname="Mypack.IMPCode"/>
  <system-out/>
</testsuite> <!-- Mypack.IMPCode -->
