<?xml version="1.0" encoding="UTF-8"?>
<!-- Generated by org.testng.reporters.JUnitReportReporter -->
<testsuite skipped="0" hostname="DESKTOP-1U1LOV2" name="Mypack.StreamTutorial" tests="1" failures="0" timestamp="2021-06-16T11:51:34 IST" time="667.347" errors="0">
  <testcase name="doubleDimensionArray" time="667.347" classname="Mypack.StreamTutorial"/>
  <system-out/>
</testsuite> <!-- Mypack.StreamTutorial -->
